\BOOKMARK [0][-]{chapter.1}{\376\377\000I\000n\000t\000r\000o\000d\000u\000c\000t\000i\000o\000n\000\040\000G\000\351\000n\000\351\000r\000a\000l\000e}{}% 1
\BOOKMARK [1][-]{section.1.1}{\376\377\000C\000o\000n\000t\000e\000x\000t\000e\000\040\000e\000t\000\040\000E\000n\000j\000e\000u\000x}{chapter.1}% 2
\BOOKMARK [1][-]{section.1.2}{\376\377\000O\000b\000j\000e\000c\000t\000i\000f\000s\000\040\000d\000u\000\040\000P\000r\000o\000j\000e\000t}{chapter.1}% 3
\BOOKMARK [1][-]{section.1.3}{\376\377\000P\000\351\000r\000i\000m\000\350\000t\000r\000e\000\040\000F\000o\000n\000c\000t\000i\000o\000n\000n\000e\000l}{chapter.1}% 4
\BOOKMARK [1][-]{section.1.4}{\376\377\000S\000t\000r\000u\000c\000t\000u\000r\000e\000\040\000d\000e\000\040\000c\000e\000\040\000D\000o\000c\000u\000m\000e\000n\000t}{chapter.1}% 5
\BOOKMARK [1][-]{section.1.5}{\376\377\000T\000e\000c\000h\000n\000o\000l\000o\000g\000i\000e\000s\000\040\000U\000t\000i\000l\000i\000s\000\351\000e\000s}{chapter.1}% 6
\BOOKMARK [0][-]{chapter.2}{\376\377\000V\000u\000e\000\040\000d\000'\000E\000n\000s\000e\000m\000b\000l\000e\000\040\000d\000u\000\040\000S\000y\000s\000t\000\350\000m\000e}{}% 7
\BOOKMARK [1][-]{section.2.1}{\376\377\000A\000r\000c\000h\000i\000t\000e\000c\000t\000u\000r\000e\000\040\000G\000l\000o\000b\000a\000l\000e}{chapter.2}% 8
\BOOKMARK [1][-]{section.2.2}{\376\377\000F\000l\000u\000x\000\040\000d\000e\000\040\000D\000o\000n\000n\000\351\000e\000s\000\040\000P\000r\000i\000n\000c\000i\000p\000a\000l}{chapter.2}% 9
\BOOKMARK [1][-]{section.2.3}{\376\377\000C\000o\000m\000p\000o\000s\000a\000n\000t\000s\000\040\000P\000r\000i\000n\000c\000i\000p\000a\000u\000x}{chapter.2}% 10
\BOOKMARK [2][-]{subsection.2.3.1}{\376\377\000F\000r\000o\000n\000t\000e\000n\000d\000\040\000\050\000N\000e\000x\000t\000.\000j\000s\000\051}{section.2.3}% 11
\BOOKMARK [2][-]{subsection.2.3.2}{\376\377\000B\000a\000c\000k\000e\000n\000d\000\040\000\050\000F\000a\000s\000t\000A\000P\000I\000\051}{section.2.3}% 12
\BOOKMARK [2][-]{subsection.2.3.3}{\376\377\000B\000a\000s\000e\000\040\000d\000e\000\040\000D\000o\000n\000n\000\351\000e\000s}{section.2.3}% 13
\BOOKMARK [1][-]{section.2.4}{\376\377\000R\000\364\000l\000e\000s\000\040\000U\000t\000i\000l\000i\000s\000a\000t\000e\000u\000r\000s}{chapter.2}% 14
\BOOKMARK [1][-]{section.2.5}{\376\377\000P\000o\000i\000n\000t\000s\000\040\000d\000'\000I\000n\000t\000\351\000g\000r\000a\000t\000i\000o\000n}{chapter.2}% 15
\BOOKMARK [2][-]{subsection.2.5.1}{\376\377\000S\000u\000p\000a\000b\000a\000s\000e}{section.2.5}% 16
\BOOKMARK [2][-]{subsection.2.5.2}{\376\377\000O\000l\000l\000a\000m\000a}{section.2.5}% 17
\BOOKMARK [0][-]{chapter.3}{\376\377\000A\000r\000c\000h\000i\000t\000e\000c\000t\000u\000r\000e\000\040\000F\000r\000o\000n\000t\000e\000n\000d}{}% 18
\BOOKMARK [1][-]{section.3.1}{\376\377\000V\000u\000e\000\040\000d\000'\000E\000n\000s\000e\000m\000b\000l\000e}{chapter.3}% 19
\BOOKMARK [1][-]{section.3.2}{\376\377\000S\000t\000r\000u\000c\000t\000u\000r\000e\000\040\000d\000u\000\040\000P\000r\000o\000j\000e\000t}{chapter.3}% 20
\BOOKMARK [2][-]{subsection.3.2.1}{\376\377\000O\000r\000g\000a\000n\000i\000s\000a\000t\000i\000o\000n\000\040\000d\000e\000s\000\040\000D\000o\000s\000s\000i\000e\000r\000s}{section.3.2}% 21
\BOOKMARK [2][-]{subsection.3.2.2}{\376\377\000P\000a\000g\000e\000s\000\040\000d\000u\000\040\000D\000a\000s\000h\000b\000o\000a\000r\000d}{section.3.2}% 22
\BOOKMARK [1][-]{section.3.3}{\376\377\000S\000y\000s\000t\000\350\000m\000e\000\040\000d\000e\000\040\000L\000a\000y\000o\000u\000t}{chapter.3}% 23
\BOOKMARK [2][-]{subsection.3.3.1}{\376\377\000L\000a\000y\000o\000u\000t\000\040\000P\000r\000i\000n\000c\000i\000p\000a\000l}{section.3.3}% 24
\BOOKMARK [2][-]{subsection.3.3.2}{\376\377\000C\000o\000m\000p\000o\000s\000a\000n\000t\000s\000\040\000d\000e\000\040\000N\000a\000v\000i\000g\000a\000t\000i\000o\000n}{section.3.3}% 25
\BOOKMARK [1][-]{section.3.4}{\376\377\000C\000l\000i\000e\000n\000t\000\040\000A\000P\000I\000\040\000G\000M\000A\000O}{chapter.3}% 26
\BOOKMARK [1][-]{section.3.5}{\376\377\000C\000o\000m\000p\000o\000s\000a\000n\000t\000s\000\040\000U\000I\000\040\000R\000\351\000u\000t\000i\000l\000i\000s\000a\000b\000l\000e\000s}{chapter.3}% 27
\BOOKMARK [2][-]{subsection.3.5.1}{\376\377\000D\000a\000t\000a\000\040\000T\000a\000b\000l\000e\000s}{section.3.5}% 28
\BOOKMARK [2][-]{subsection.3.5.2}{\376\377\000F\000o\000r\000m\000u\000l\000a\000i\000r\000e\000s}{section.3.5}% 29
\BOOKMARK [2][-]{subsection.3.5.3}{\376\377\000G\000r\000a\000p\000h\000i\000q\000u\000e\000s}{section.3.5}% 30
\BOOKMARK [1][-]{section.3.6}{\376\377\000G\000e\000s\000t\000i\000o\000n\000\040\000d\000e\000s\000\040\000T\000h\000\350\000m\000e\000s}{chapter.3}% 31
\BOOKMARK [1][-]{section.3.7}{\376\377\000O\000p\000t\000i\000m\000i\000s\000a\000t\000i\000o\000n\000s\000\040\000d\000e\000\040\000P\000e\000r\000f\000o\000r\000m\000a\000n\000c\000e}{chapter.3}% 32
\BOOKMARK [0][-]{chapter.4}{\376\377\000A\000u\000t\000h\000e\000n\000t\000i\000f\000i\000c\000a\000t\000i\000o\000n\000\040\000e\000t\000\040\000A\000u\000t\000o\000r\000i\000s\000a\000t\000i\000o\000n}{}% 33
\BOOKMARK [1][-]{section.4.1}{\376\377\000A\000r\000c\000h\000i\000t\000e\000c\000t\000u\000r\000e\000\040\000d\000e\000\040\000S\000\351\000c\000u\000r\000i\000t\000\351}{chapter.4}% 34
\BOOKMARK [1][-]{section.4.2}{\376\377\000I\000n\000t\000\351\000g\000r\000a\000t\000i\000o\000n\000\040\000M\000a\000k\000e\000r\000k\000i\000t}{chapter.4}% 35
\BOOKMARK [1][-]{section.4.3}{\376\377\000M\000o\000d\000\350\000l\000e\000\040\000d\000e\000\040\000D\000o\000n\000n\000\351\000e\000s\000\040\000U\000t\000i\000l\000i\000s\000a\000t\000e\000u\000r}{chapter.4}% 36
\BOOKMARK [1][-]{section.4.4}{\376\377\000V\000\351\000r\000i\000f\000i\000c\000a\000t\000i\000o\000n\000\040\000J\000W\000T}{chapter.4}% 37
\BOOKMARK [1][-]{section.4.5}{\376\377\000C\000o\000n\000t\000r\000\364\000l\000e\000\040\000d\000'\000A\000c\000c\000\350\000s\000\040\000\050\000R\000B\000A\000C\000\051}{chapter.4}% 38
\BOOKMARK [1][-]{section.4.6}{\376\377\000M\000a\000t\000r\000i\000c\000e\000\040\000d\000e\000s\000\040\000P\000e\000r\000m\000i\000s\000s\000i\000o\000n\000s}{chapter.4}% 39
\BOOKMARK [1][-]{section.4.7}{\376\377\000S\000\351\000c\000u\000r\000i\000t\000\351\000\040\000d\000e\000s\000\040\000S\000e\000s\000s\000i\000o\000n\000s}{chapter.4}% 40
\BOOKMARK [1][-]{section.4.8}{\376\377\000G\000e\000s\000t\000i\000o\000n\000\040\000d\000e\000s\000\040\000E\000r\000r\000e\000u\000r\000s}{chapter.4}% 41
\BOOKMARK [0][-]{chapter.5}{\376\377\000A\000r\000c\000h\000i\000t\000e\000c\000t\000u\000r\000e\000\040\000B\000a\000c\000k\000e\000n\000d}{}% 42
\BOOKMARK [1][-]{section.5.1}{\376\377\000V\000u\000e\000\040\000d\000'\000E\000n\000s\000e\000m\000b\000l\000e}{chapter.5}% 43
\BOOKMARK [1][-]{section.5.2}{\376\377\000S\000t\000r\000u\000c\000t\000u\000r\000e\000\040\000d\000u\000\040\000P\000r\000o\000j\000e\000t}{chapter.5}% 44
\BOOKMARK [1][-]{section.5.3}{\376\377\000C\000o\000u\000c\000h\000e\000\040\000R\000o\000u\000t\000e\000r\000s}{chapter.5}% 45
\BOOKMARK [1][-]{section.5.4}{\376\377\000C\000o\000u\000c\000h\000e\000\040\000S\000e\000r\000v\000i\000c\000e\000s}{chapter.5}% 46
\BOOKMARK [1][-]{section.5.5}{\376\377\000G\000e\000s\000t\000i\000o\000n\000\040\000d\000e\000s\000\040\000E\000r\000r\000e\000u\000r\000s}{chapter.5}% 47
\BOOKMARK [1][-]{section.5.6}{\376\377\000E\000n\000d\000p\000o\000i\000n\000t\000s\000\040\000d\000e\000\040\000S\000a\000n\000t\000\351}{chapter.5}% 48
\BOOKMARK [1][-]{section.5.7}{\376\377\000D\000o\000c\000u\000m\000e\000n\000t\000a\000t\000i\000o\000n\000\040\000A\000P\000I}{chapter.5}% 49
\BOOKMARK [0][-]{chapter.6}{\376\377\000M\000o\000d\000\350\000l\000e\000\040\000d\000e\000\040\000D\000o\000n\000n\000\351\000e\000s}{}% 50
\BOOKMARK [1][-]{section.6.1}{\376\377\000V\000u\000e\000\040\000d\000'\000E\000n\000s\000e\000m\000b\000l\000e}{chapter.6}% 51
\BOOKMARK [1][-]{section.6.2}{\376\377\000S\000c\000h\000\351\000m\000a\000\040\000E\000n\000t\000i\000t\000\351\000s\000-\000R\000e\000l\000a\000t\000i\000o\000n\000s}{chapter.6}% 52
\BOOKMARK [1][-]{section.6.3}{\376\377\000E\000n\000t\000i\000t\000\351\000s\000\040\000P\000r\000i\000n\000c\000i\000p\000a\000l\000e\000s}{chapter.6}% 53
\BOOKMARK [2][-]{subsection.6.3.1}{\376\377\000E\000q\000u\000i\000p\000m\000e\000n\000t}{section.6.3}% 54
\BOOKMARK [2][-]{subsection.6.3.2}{\376\377\000I\000n\000t\000e\000r\000v\000e\000n\000t\000i\000o\000n}{section.6.3}% 55
\BOOKMARK [2][-]{subsection.6.3.3}{\376\377\000S\000p\000a\000r\000e\000P\000a\000r\000t}{section.6.3}% 56
\BOOKMARK [2][-]{subsection.6.3.4}{\376\377\000T\000e\000c\000h\000n\000i\000c\000i\000a\000n}{section.6.3}% 57
\BOOKMARK [1][-]{section.6.4}{\376\377\000T\000a\000b\000l\000e\000s\000\040\000d\000'\000A\000s\000s\000o\000c\000i\000a\000t\000i\000o\000n}{chapter.6}% 58
\BOOKMARK [1][-]{section.6.5}{\376\377\000M\000o\000d\000\350\000l\000e\000s\000\040\000A\000M\000D\000E\000C}{chapter.6}% 59
\BOOKMARK [1][-]{section.6.6}{\376\377\000M\000o\000d\000\350\000l\000e\000s\000\040\000R\000A\000G}{chapter.6}% 60
\BOOKMARK [1][-]{section.6.7}{\376\377\000S\000c\000h\000\351\000m\000a\000s\000\040\000P\000y\000d\000a\000n\000t\000i\000c}{chapter.6}% 61
\BOOKMARK [0][-]{chapter.7}{\376\377\000S\000y\000s\000t\000\350\000m\000e\000\040\000d\000'\000I\000n\000t\000e\000r\000v\000e\000n\000t\000i\000o\000n\000s}{}% 62
\BOOKMARK [1][-]{section.7.1}{\376\377\000V\000u\000e\000\040\000d\000'\000E\000n\000s\000e\000m\000b\000l\000e}{chapter.7}% 63
\BOOKMARK [1][-]{section.7.2}{\376\377\000C\000y\000c\000l\000e\000\040\000d\000e\000\040\000V\000i\000e}{chapter.7}% 64
\BOOKMARK [1][-]{section.7.3}{\376\377\000C\000r\000\351\000a\000t\000i\000o\000n\000\040\000d\000'\000u\000n\000e\000\040\000I\000n\000t\000e\000r\000v\000e\000n\000t\000i\000o\000n}{chapter.7}% 65
\BOOKMARK [1][-]{section.7.4}{\376\377\000A\000s\000s\000i\000g\000n\000a\000t\000i\000o\000n\000\040\000e\000t\000\040\000P\000i\000\350\000c\000e\000s}{chapter.7}% 66
\BOOKMARK [1][-]{section.7.5}{\376\377\000R\000e\000q\000u\000\352\000t\000e\000s\000\040\000e\000t\000\040\000F\000i\000l\000t\000r\000a\000g\000e}{chapter.7}% 67
\BOOKMARK [1][-]{section.7.6}{\376\377\000D\000o\000n\000n\000\351\000e\000s\000\040\000C\000a\000p\000t\000u\000r\000\351\000e\000s}{chapter.7}% 68
\BOOKMARK [0][-]{chapter.8}{\376\377\000S\000y\000s\000t\000\350\000m\000e\000\040\000d\000e\000\040\000S\000o\000u\000m\000i\000s\000s\000i\000o\000n\000\040\000T\000e\000c\000h\000n\000i\000c\000i\000e\000n}{}% 69
\BOOKMARK [1][-]{section.8.1}{\376\377\000V\000u\000e\000\040\000d\000'\000E\000n\000s\000e\000m\000b\000l\000e}{chapter.8}% 70
\BOOKMARK [1][-]{section.8.2}{\376\377\000P\000r\000o\000f\000i\000l\000\040\000T\000e\000c\000h\000n\000i\000c\000i\000e\000n}{chapter.8}% 71
\BOOKMARK [1][-]{section.8.3}{\376\377\000W\000o\000r\000k\000f\000l\000o\000w}{chapter.8}% 72
\BOOKMARK [1][-]{section.8.4}{\376\377\000F\000o\000n\000c\000t\000i\000o\000n\000n\000a\000l\000i\000t\000\351\000s\000\040\000A\000P\000I}{chapter.8}% 73
\BOOKMARK [1][-]{section.8.5}{\376\377\000C\000o\000n\000t\000e\000n\000u\000\040\000d\000u\000\040\000R\000a\000p\000p\000o\000r\000t}{chapter.8}% 74
\BOOKMARK [1][-]{section.8.6}{\376\377\000S\000t\000a\000t\000i\000s\000t\000i\000q\000u\000e\000s}{chapter.8}% 75
\BOOKMARK [0][-]{chapter.9}{\376\377\000K\000P\000I\000\040\000e\000t\000\040\000A\000n\000a\000l\000y\000t\000i\000c\000s}{}% 76
\BOOKMARK [1][-]{section.9.1}{\376\377\000I\000n\000t\000r\000o\000d\000u\000c\000t\000i\000o\000n\000\040\000a\000u\000x\000\040\000K\000P\000I\000s\000\040\000d\000e\000\040\000M\000a\000i\000n\000t\000e\000n\000a\000n\000c\000e}{chapter.9}% 77
\BOOKMARK [1][-]{section.9.2}{\376\377\000I\000n\000d\000i\000c\000a\000t\000e\000u\000r\000s\000\040\000P\000r\000i\000n\000c\000i\000p\000a\000u\000x}{chapter.9}% 78
\BOOKMARK [2][-]{subsection.9.2.1}{\376\377\000M\000T\000B\000F\000\040\040\023\000\040\000M\000e\000a\000n\000\040\000T\000i\000m\000e\000\040\000B\000e\000t\000w\000e\000e\000n\000\040\000F\000a\000i\000l\000u\000r\000e\000s}{section.9.2}% 79
\BOOKMARK [2][-]{subsection.9.2.2}{\376\377\000M\000T\000T\000R\000\040\040\023\000\040\000M\000e\000a\000n\000\040\000T\000i\000m\000e\000\040\000T\000o\000\040\000R\000e\000p\000a\000i\000r}{section.9.2}% 80
\BOOKMARK [2][-]{subsection.9.2.3}{\376\377\000D\000i\000s\000p\000o\000n\000i\000b\000i\000l\000i\000t\000\351}{section.9.2}% 81
\BOOKMARK [1][-]{section.9.3}{\376\377\000D\000a\000s\000h\000b\000o\000a\000r\000d\000\040\000K\000P\000I\000s}{chapter.9}% 82
\BOOKMARK [2][-]{subsection.9.3.1}{\376\377\000P\000a\000r\000a\000m\000\350\000t\000r\000e\000s\000\040\000d\000e\000\040\000F\000i\000l\000t\000r\000a\000g\000e}{section.9.3}% 83
\BOOKMARK [1][-]{section.9.4}{\376\377\000D\000i\000s\000t\000r\000i\000b\000u\000t\000i\000o\000n\000s\000\040\000e\000t\000\040\000T\000e\000n\000d\000a\000n\000c\000e\000s}{chapter.9}% 84
\BOOKMARK [2][-]{subsection.9.4.1}{\376\377\000D\000i\000s\000t\000r\000i\000b\000u\000t\000i\000o\000n\000\040\000d\000e\000s\000\040\000P\000a\000n\000n\000e\000s}{section.9.4}% 85
\BOOKMARK [2][-]{subsection.9.4.2}{\376\377\000R\000\351\000p\000a\000r\000t\000i\000t\000i\000o\000n\000\040\000d\000e\000s\000\040\000C\000o\000\373\000t\000s}{section.9.4}% 86
\BOOKMARK [1][-]{section.9.5}{\376\377\000V\000i\000s\000u\000a\000l\000i\000s\000a\000t\000i\000o\000n\000\040\000F\000r\000o\000n\000t\000e\000n\000d}{chapter.9}% 87
\BOOKMARK [1][-]{section.9.6}{\376\377\000I\000n\000t\000e\000r\000p\000r\000\351\000t\000a\000t\000i\000o\000n\000\040\000d\000e\000s\000\040\000K\000P\000I\000s}{chapter.9}% 88
\BOOKMARK [0][-]{chapter.10}{\376\377\000I\000n\000t\000e\000l\000l\000i\000g\000e\000n\000c\000e\000\040\000A\000r\000t\000i\000f\000i\000c\000i\000e\000l\000l\000e}{}% 89
\BOOKMARK [1][-]{section.10.1}{\376\377\000V\000u\000e\000\040\000d\000'\000E\000n\000s\000e\000m\000b\000l\000e}{chapter.10}% 90
\BOOKMARK [1][-]{section.10.2}{\376\377\000S\000y\000s\000t\000\350\000m\000e\000\040\000R\000A\000G}{chapter.10}% 91
\BOOKMARK [1][-]{section.10.3}{\376\377\000M\000a\000i\000n\000t\000e\000n\000a\000n\000c\000e\000\040\000C\000o\000p\000i\000l\000o\000t}{chapter.10}% 92
\BOOKMARK [1][-]{section.10.4}{\376\377\000O\000C\000R\000\040\000V\000i\000s\000i\000o\000n}{chapter.10}% 93
\BOOKMARK [1][-]{section.10.5}{\376\377\000A\000I\000\040\000F\000o\000r\000e\000c\000a\000s\000t}{chapter.10}% 94
\BOOKMARK [1][-]{section.10.6}{\376\377\000F\000o\000u\000r\000n\000i\000s\000s\000e\000u\000r\000s\000\040\000L\000L\000M}{chapter.10}% 95
\BOOKMARK [2][-]{subsection.10.6.1}{\376\377\000C\000o\000n\000f\000i\000g\000u\000r\000a\000t\000i\000o\000n}{section.10.6}% 96
\BOOKMARK [2][-]{subsection.10.6.2}{\376\377\000C\000o\000m\000p\000a\000r\000a\000t\000i\000f}{section.10.6}% 97
\BOOKMARK [0][-]{chapter.11}{\376\377\000S\000\351\000c\000u\000r\000i\000t\000\351}{}% 98
\BOOKMARK [1][-]{section.11.1}{\376\377\000V\000u\000e\000\040\000d\000'\000E\000n\000s\000e\000m\000b\000l\000e}{chapter.11}% 99
\BOOKMARK [1][-]{section.11.2}{\376\377\000A\000u\000t\000h\000e\000n\000t\000i\000f\000i\000c\000a\000t\000i\000o\000n\000\040\000J\000W\000T}{chapter.11}% 100
\BOOKMARK [1][-]{section.11.3}{\376\377\000A\000u\000t\000o\000r\000i\000s\000a\000t\000i\000o\000n\000\040\000R\000B\000A\000C}{chapter.11}% 101
\BOOKMARK [1][-]{section.11.4}{\376\377\000V\000a\000l\000i\000d\000a\000t\000i\000o\000n\000\040\000d\000e\000s\000\040\000E\000n\000t\000r\000\351\000e\000s}{chapter.11}% 102
\BOOKMARK [1][-]{section.11.5}{\376\377\000S\000\351\000c\000u\000r\000i\000t\000\351\000\040\000d\000e\000s\000\040\000C\000o\000m\000m\000u\000n\000i\000c\000a\000t\000i\000o\000n\000s}{chapter.11}% 103
\BOOKMARK [1][-]{section.11.6}{\376\377\000P\000r\000o\000t\000e\000c\000t\000i\000o\000n\000\040\000d\000e\000s\000\040\000D\000o\000n\000n\000\351\000e\000s}{chapter.11}% 104
\BOOKMARK [1][-]{section.11.7}{\376\377\000C\000h\000e\000c\000k\000l\000i\000s\000t\000\040\000S\000\351\000c\000u\000r\000i\000t\000\351}{chapter.11}% 105
\BOOKMARK [0][-]{chapter.12}{\376\377\000U\000X\000\040\000e\000t\000\040\000R\000\364\000l\000e\000s\000\040\000U\000t\000i\000l\000i\000s\000a\000t\000e\000u\000r\000s}{}% 106
\BOOKMARK [1][-]{section.12.1}{\376\377\000P\000r\000i\000n\000c\000i\000p\000e\000s\000\040\000d\000e\000\040\000D\000e\000s\000i\000g\000n}{chapter.12}% 107
\BOOKMARK [1][-]{section.12.2}{\376\377\000P\000a\000r\000c\000o\000u\000r\000s\000\040\000U\000t\000i\000l\000i\000s\000a\000t\000e\000u\000r\000s}{chapter.12}% 108
\BOOKMARK [2][-]{subsection.12.2.1}{\376\377\000A\000d\000m\000i\000n\000i\000s\000t\000r\000a\000t\000e\000u\000r}{section.12.2}% 109
\BOOKMARK [2][-]{subsection.12.2.2}{\376\377\000S\000u\000p\000e\000r\000v\000i\000s\000e\000u\000r}{section.12.2}% 110
\BOOKMARK [2][-]{subsection.12.2.3}{\376\377\000T\000e\000c\000h\000n\000i\000c\000i\000e\000n}{section.12.2}% 111
\BOOKMARK [2][-]{subsection.12.2.4}{\376\377\000V\000i\000e\000w\000e\000r}{section.12.2}% 112
\BOOKMARK [1][-]{section.12.3}{\376\377\000S\000t\000r\000u\000c\000t\000u\000r\000e\000\040\000d\000e\000\040\000N\000a\000v\000i\000g\000a\000t\000i\000o\000n}{chapter.12}% 113
\BOOKMARK [1][-]{section.12.4}{\376\377\000C\000o\000m\000p\000o\000s\000a\000n\000t\000s\000\040\000d\000'\000I\000n\000t\000e\000r\000f\000a\000c\000e}{chapter.12}% 114
\BOOKMARK [2][-]{subsection.12.4.1}{\376\377\000D\000a\000s\000h\000b\000o\000a\000r\000d}{section.12.4}% 115
\BOOKMARK [2][-]{subsection.12.4.2}{\376\377\000T\000a\000b\000l\000e\000a\000u\000x}{section.12.4}% 116
\BOOKMARK [2][-]{subsection.12.4.3}{\376\377\000F\000o\000r\000m\000u\000l\000a\000i\000r\000e\000s}{section.12.4}% 117
\BOOKMARK [1][-]{section.12.5}{\376\377\000R\000e\000s\000p\000o\000n\000s\000i\000v\000e\000\040\000D\000e\000s\000i\000g\000n}{chapter.12}% 118
\BOOKMARK [1][-]{section.12.6}{\376\377\000T\000h\000\350\000m\000e\000s\000\040\000e\000t\000\040\000A\000c\000c\000e\000s\000s\000i\000b\000i\000l\000i\000t\000\351}{chapter.12}% 119
\BOOKMARK [1][-]{section.12.7}{\376\377\000W\000i\000d\000g\000e\000t\000\040\000d\000'\000A\000i\000d\000e\000\040\000I\000A}{chapter.12}% 120
\BOOKMARK [0][-]{chapter.13}{\376\377\000P\000e\000r\000f\000o\000r\000m\000a\000n\000c\000e\000s\000\040\000e\000t\000\040\000S\000c\000a\000l\000a\000b\000i\000l\000i\000t\000\351}{}% 121
\BOOKMARK [1][-]{section.13.1}{\376\377\000O\000b\000j\000e\000c\000t\000i\000f\000s\000\040\000d\000e\000\040\000P\000e\000r\000f\000o\000r\000m\000a\000n\000c\000e}{chapter.13}% 122
\BOOKMARK [1][-]{section.13.2}{\376\377\000O\000p\000t\000i\000m\000i\000s\000a\000t\000i\000o\000n\000s\000\040\000B\000a\000c\000k\000e\000n\000d}{chapter.13}% 123
\BOOKMARK [2][-]{subsection.13.2.1}{\376\377\000I\000n\000d\000e\000x\000a\000t\000i\000o\000n\000\040\000B\000a\000s\000e\000\040\000d\000e\000\040\000D\000o\000n\000n\000\351\000e\000s}{section.13.2}% 124
\BOOKMARK [2][-]{subsection.13.2.2}{\376\377\000P\000a\000g\000i\000n\000a\000t\000i\000o\000n}{section.13.2}% 125
\BOOKMARK [2][-]{subsection.13.2.3}{\376\377\000C\000a\000c\000h\000i\000n\000g\000\040\000R\000e\000d\000i\000s}{section.13.2}% 126
\BOOKMARK [2][-]{subsection.13.2.4}{\376\377\000A\000s\000y\000n\000c\000\040\000I\000/\000O}{section.13.2}% 127
\BOOKMARK [1][-]{section.13.3}{\376\377\000O\000p\000t\000i\000m\000i\000s\000a\000t\000i\000o\000n\000s\000\040\000F\000r\000o\000n\000t\000e\000n\000d}{chapter.13}% 128
\BOOKMARK [1][-]{section.13.4}{\376\377\000S\000c\000a\000l\000a\000b\000i\000l\000i\000t\000\351\000\040\000H\000o\000r\000i\000z\000o\000n\000t\000a\000l\000e}{chapter.13}% 129
\BOOKMARK [1][-]{section.13.5}{\376\377\000M\000o\000n\000i\000t\000o\000r\000i\000n\000g}{chapter.13}% 130
\BOOKMARK [0][-]{chapter.14}{\376\377\000T\000e\000s\000t\000s\000\040\000e\000t\000\040\000V\000a\000l\000i\000d\000a\000t\000i\000o\000n}{}% 131
\BOOKMARK [1][-]{section.14.1}{\376\377\000S\000t\000r\000a\000t\000\351\000g\000i\000e\000\040\000d\000e\000\040\000T\000e\000s\000t}{chapter.14}% 132
\BOOKMARK [1][-]{section.14.2}{\376\377\000T\000e\000s\000t\000s\000\040\000B\000a\000c\000k\000e\000n\000d}{chapter.14}% 133
\BOOKMARK [2][-]{subsection.14.2.1}{\376\377\000S\000t\000r\000u\000c\000t\000u\000r\000e}{section.14.2}% 134
\BOOKMARK [2][-]{subsection.14.2.2}{\376\377\000F\000i\000x\000t\000u\000r\000e\000s\000\040\000P\000y\000t\000e\000s\000t}{section.14.2}% 135
\BOOKMARK [2][-]{subsection.14.2.3}{\376\377\000T\000e\000s\000t\000s\000\040\000U\000n\000i\000t\000a\000i\000r\000e\000s}{section.14.2}% 136
\BOOKMARK [2][-]{subsection.14.2.4}{\376\377\000T\000e\000s\000t\000s\000\040\000I\000n\000t\000\351\000g\000r\000a\000t\000i\000o\000n\000\040\000A\000P\000I}{section.14.2}% 137
\BOOKMARK [1][-]{section.14.3}{\376\377\000T\000e\000s\000t\000s\000\040\000F\000r\000o\000n\000t\000e\000n\000d\000\040\000E\0002\000E}{chapter.14}% 138
\BOOKMARK [1][-]{section.14.4}{\376\377\000C\000o\000u\000v\000e\000r\000t\000u\000r\000e\000\040\000d\000e\000\040\000C\000o\000d\000e}{chapter.14}% 139
\BOOKMARK [1][-]{section.14.5}{\376\377\000C\000I\000/\000C\000D\000\040\000T\000e\000s\000t\000i\000n\000g}{chapter.14}% 140
\BOOKMARK [0][-]{chapter.15}{\376\377\000D\000\351\000p\000l\000o\000i\000e\000m\000e\000n\000t}{}% 141
\BOOKMARK [1][-]{section.15.1}{\376\377\000V\000u\000e\000\040\000d\000'\000E\000n\000s\000e\000m\000b\000l\000e}{chapter.15}% 142
\BOOKMARK [1][-]{section.15.2}{\376\377\000D\000\351\000p\000l\000o\000i\000e\000m\000e\000n\000t\000\040\000L\000o\000c\000a\000l}{chapter.15}% 143
\BOOKMARK [2][-]{subsection.15.2.1}{\376\377\000P\000r\000\351\000r\000e\000q\000u\000i\000s}{section.15.2}% 144
\BOOKMARK [2][-]{subsection.15.2.2}{\376\377\000S\000e\000r\000v\000i\000c\000e\000s\000\040\000D\000o\000c\000k\000e\000r\000\040\000C\000o\000m\000p\000o\000s\000e}{section.15.2}% 145
\BOOKMARK [2][-]{subsection.15.2.3}{\376\377\000L\000a\000n\000c\000e\000m\000e\000n\000t}{section.15.2}% 146
\BOOKMARK [1][-]{section.15.3}{\376\377\000C\000o\000n\000f\000i\000g\000u\000r\000a\000t\000i\000o\000n\000\040\000S\000u\000p\000a\000b\000a\000s\000e}{chapter.15}% 147
\BOOKMARK [1][-]{section.15.4}{\376\377\000D\000\351\000p\000l\000o\000i\000e\000m\000e\000n\000t\000\040\000P\000r\000o\000d\000u\000c\000t\000i\000o\000n}{chapter.15}% 148
\BOOKMARK [1][-]{section.15.5}{\376\377\000M\000i\000g\000r\000a\000t\000i\000o\000n\000s\000\040\000A\000l\000e\000m\000b\000i\000c}{chapter.15}% 149
\BOOKMARK [1][-]{section.15.6}{\376\377\000C\000h\000e\000c\000k\000l\000i\000s\000t\000\040\000D\000\351\000p\000l\000o\000i\000e\000m\000e\000n\000t}{chapter.15}% 150
\BOOKMARK [0][-]{chapter.16}{\376\377\000L\000i\000m\000i\000t\000e\000s\000\040\000e\000t\000\040\000C\000o\000n\000t\000r\000a\000i\000n\000t\000e\000s}{}% 151
\BOOKMARK [1][-]{section.16.1}{\376\377\000L\000i\000m\000i\000t\000e\000s\000\040\000T\000e\000c\000h\000n\000i\000q\000u\000e\000s}{chapter.16}% 152
\BOOKMARK [2][-]{subsection.16.1.1}{\376\377\000D\000\351\000p\000e\000n\000d\000a\000n\000c\000e\000\040\000\340\000\040\000O\000l\000l\000a\000m\000a}{section.16.1}% 153
\BOOKMARK [2][-]{subsection.16.1.2}{\376\377\000S\000c\000a\000l\000a\000b\000i\000l\000i\000t\000\351\000\040\000R\000A\000G}{section.16.1}% 154
\BOOKMARK [1][-]{section.16.2}{\376\377\000L\000i\000m\000i\000t\000e\000s\000\040\000F\000o\000n\000c\000t\000i\000o\000n\000n\000e\000l\000l\000e\000s}{chapter.16}% 155
\BOOKMARK [1][-]{section.16.3}{\376\377\000L\000i\000m\000i\000t\000e\000s\000\040\000I\000A}{chapter.16}% 156
\BOOKMARK [1][-]{section.16.4}{\376\377\000C\000o\000n\000t\000r\000a\000i\000n\000t\000e\000s\000\040\000I\000n\000t\000\351\000g\000r\000a\000t\000i\000o\000n}{chapter.16}% 157
\BOOKMARK [1][-]{section.16.5}{\376\377\000C\000o\000n\000t\000r\000a\000i\000n\000t\000e\000s\000\040\000O\000p\000\351\000r\000a\000t\000i\000o\000n\000n\000e\000l\000l\000e\000s}{chapter.16}% 158
\BOOKMARK [0][-]{chapter.17}{\376\377\000P\000e\000r\000s\000p\000e\000c\000t\000i\000v\000e\000s\000\040\000d\000'\000\311\000v\000o\000l\000u\000t\000i\000o\000n}{}% 159
\BOOKMARK [1][-]{section.17.1}{\376\377\000F\000e\000u\000i\000l\000l\000e\000\040\000d\000e\000\040\000R\000o\000u\000t\000e}{chapter.17}% 160
\BOOKMARK [1][-]{section.17.2}{\376\377\000V\000e\000r\000s\000i\000o\000n\000\040\0002\000.\0001\000\040\040\023\000\040\000C\000o\000u\000r\000t\000\040\000T\000e\000r\000m\000e}{chapter.17}% 161
\BOOKMARK [2][-]{subsection.17.2.1}{\376\377\000I\000n\000t\000e\000l\000l\000i\000g\000e\000n\000c\000e\000\040\000A\000r\000t\000i\000f\000i\000c\000i\000e\000l\000l\000e}{section.17.2}% 162
\BOOKMARK [2][-]{subsection.17.2.2}{\376\377\000P\000e\000r\000f\000o\000r\000m\000a\000n\000c\000e}{section.17.2}% 163
\BOOKMARK [1][-]{section.17.3}{\376\377\000V\000e\000r\000s\000i\000o\000n\000\040\0002\000.\0002\000\040\040\023\000\040\000I\000n\000t\000\351\000g\000r\000a\000t\000i\000o\000n\000s}{chapter.17}% 164
\BOOKMARK [2][-]{subsection.17.3.1}{\376\377\000N\000o\000t\000i\000f\000i\000c\000a\000t\000i\000o\000n\000s\000\040\000e\000t\000\040\000A\000P\000I}{section.17.3}% 165
\BOOKMARK [1][-]{section.17.4}{\376\377\000V\000e\000r\000s\000i\000o\000n\000\040\0003\000.\0000\000\040\040\023\000\040\000E\000n\000t\000e\000r\000p\000r\000i\000s\000e}{chapter.17}% 166
\BOOKMARK [2][-]{subsection.17.4.1}{\376\377\000M\000u\000l\000t\000i\000-\000t\000e\000n\000a\000n\000c\000y}{section.17.4}% 167
\BOOKMARK [2][-]{subsection.17.4.2}{\376\377\000S\000\351\000c\000u\000r\000i\000t\000\351\000\040\000E\000n\000t\000e\000r\000p\000r\000i\000s\000e}{section.17.4}% 168
\BOOKMARK [2][-]{subsection.17.4.3}{\376\377\000F\000o\000n\000c\000t\000i\000o\000n\000n\000a\000l\000i\000t\000\351\000s\000\040\000A\000v\000a\000n\000c\000\351\000e\000s}{section.17.4}% 169
\BOOKMARK [1][-]{section.17.5}{\376\377\000\311\000v\000o\000l\000u\000t\000i\000o\000n\000s\000\040\000T\000e\000c\000h\000n\000i\000q\000u\000e\000s}{chapter.17}% 170
\BOOKMARK [1][-]{section.17.6}{\376\377\000C\000o\000n\000c\000l\000u\000s\000i\000o\000n}{chapter.17}% 171
